@60000000
17
13
00
00
13
03
43
A4
97
13
00
00
93
83
C3
A3
63
08
73
00
23
20
03
00
13
03
43
00
E3
6C
73
FE
17
01
00
20
13
01
01
FE
33
04
01
00
97
10
00
00
E7
80
80
85
13
20
00
F0
97
00
00
00
E7
80
80
44
13
01
01
FD
23
2A
51
01
23
26
71
01
23
26
11
02
23
28
61
01
93
0B
05
00
93
07
05
00
93
0A
00
00
93
06
90
00
03
AB
07
00
63
06
0B
06
03
A7
47
00
63
06
07
2A
03
A7
87
00
63
06
07
2C
03
A7
C7
00
63
06
07
2E
03
A7
07
01
63
06
07
30
03
A7
47
01
63
06
07
32
03
A7
87
01
63
06
07
34
03
A7
C7
01
63
06
07
36
03
A7
07
02
93
87
47
02
63
04
07
38
93
8A
1A
00
E3
98
DA
FA
83
20
C1
02
83
2A
41
01
03
2B
01
01
83
2B
C1
00
13
05
10
00
13
01
01
03
67
80
00
00
23
24
81
02
23
22
91
02
23
20
21
03
23
2E
31
01
23
2C
41
01
23
24
81
01
23
22
91
01
23
20
A1
01
93
94
3A
00
B3
84
54
01
93
94
24
00
93
1C
2B
00
B3
84
9B
00
33
89
9B
01
13
04
10
00
13
0C
50
00
13
0D
20
00
13
8A
CB
06
93
89
8B
0D
B3
8C
94
01
83
A7
04
00
63
06
F4
1C
83
A7
44
00
63
02
F4
1C
83
A7
84
00
63
0E
F4
1A
83
A7
C4
00
63
0A
F4
1A
83
A7
04
01
63
06
F4
1A
83
A7
44
01
63
02
F4
1A
83
A7
84
01
63
0E
F4
18
83
A7
C4
01
63
0A
F4
18
83
A7
04
02
B3
87
87
40
13
B5
17
00
83
27
09
00
63
0C
F4
14
83
27
49
02
63
08
F4
14
83
27
89
04
63
04
F4
14
83
27
C9
06
63
00
F4
14
83
27
09
09
63
0C
F4
12
83
27
49
0B
63
08
F4
12
83
27
89
0D
63
04
F4
12
83
27
C9
0F
63
00
F4
12
03
28
09
12
33
08
88
40
13
38
18
00
63
4C
5C
11
63
46
5D
15
13
86
0B
00
93
05
80
04
93
06
40
02
63
4A
6C
11
63
44
6D
13
93
08
20
00
13
07
10
00
93
07
00
00
93
97
27
00
33
03
F6
00
03
23
03
00
63
0A
64
08
13
17
27
00
33
03
E6
00
03
23
03
00
63
02
64
08
93
98
28
00
33
06
16
01
03
26
06
00
63
0A
C4
06
B3
86
DB
00
33
86
F6
00
03
26
06
00
63
02
C4
06
33
86
E6
00
03
26
06
00
63
0C
C4
04
B3
86
16
01
83
A6
06
00
63
06
D4
04
B3
86
BB
00
B3
87
F6
00
83
A7
07
00
63
0E
F4
02
33
87
E6
00
83
27
07
00
63
08
F4
02
B3
86
16
01
83
A7
06
00
63
02
F4
02
33
08
A8
00
63
1E
08
00
23
A0
8C
00
13
85
0B
00
97
00
00
00
E7
80
C0
DC
63
10
05
1E
23
A0
0C
00
13
04
14
00
93
07
A0
00
E3
1C
F4
E8
03
24
81
02
83
20
C1
02
83
24
41
02
03
29
01
02
83
29
C1
01
03
2A
81
01
03
2C
81
00
83
2C
41
00
03
2D
01
00
83
2A
41
01
03
2B
01
01
83
2B
C1
00
13
05
00
00
13
01
01
03
67
80
00
00
13
08
10
00
E3
58
5C
EF
13
86
09
00
93
05
00
12
93
06
C0
0F
E3
5A
6C
EF
93
08
80
00
13
07
70
00
93
07
60
00
6F
F0
5F
EF
13
05
10
00
6F
F0
9F
E7
93
08
50
00
13
07
40
00
93
07
30
00
6F
F0
DF
ED
13
06
0A
00
93
05
40
0B
93
06
00
09
6F
F0
9F
EB
23
24
81
02
23
22
91
02
23
20
21
03
23
2E
31
01
23
2C
41
01
23
24
81
01
23
22
91
01
23
20
A1
01
13
0B
10
00
6F
F0
5F
DB
23
24
81
02
23
22
91
02
23
20
21
03
23
2E
31
01
23
2C
41
01
23
24
81
01
23
22
91
01
23
20
A1
01
13
0B
20
00
6F
F0
DF
D8
23
24
81
02
23
22
91
02
23
20
21
03
23
2E
31
01
23
2C
41
01
23
24
81
01
23
22
91
01
23
20
A1
01
13
0B
30
00
6F
F0
5F
D6
23
24
81
02
23
22
91
02
23
20
21
03
23
2E
31
01
23
2C
41
01
23
24
81
01
23
22
91
01
23
20
A1
01
13
0B
40
00
6F
F0
DF
D3
23
24
81
02
23
22
91
02
23
20
21
03
23
2E
31
01
23
2C
41
01
23
24
81
01
23
22
91
01
23
20
A1
01
13
0B
50
00
6F
F0
5F
D1
23
24
81
02
23
22
91
02
23
20
21
03
23
2E
31
01
23
2C
41
01
23
24
81
01
23
22
91
01
23
20
A1
01
13
0B
60
00
6F
F0
DF
CE
23
24
81
02
23
22
91
02
23
20
21
03
23
2E
31
01
23
2C
41
01
23
24
81
01
23
22
91
01
23
20
A1
01
13
0B
70
00
6F
F0
5F
CC
23
24
81
02
23
22
91
02
23
20
21
03
23
2E
31
01
23
2C
41
01
23
24
81
01
23
22
91
01
23
20
A1
01
13
0B
80
00
6F
F0
DF
C9
03
24
81
02
83
24
41
02
03
29
01
02
83
29
C1
01
03
2A
81
01
03
2C
81
00
83
2C
41
00
03
2D
01
00
6F
F0
DF
C3
63
00
00
00
13
00
00
00
13
00
00
00
13
00
00
00
13
00
00
00
13
00
00
00
13
00
00
00
13
00
00
00
13
00
00
00
13
00
00
00
13
00
00
00
13
00
00
00
13
00
00
00
13
00
00
00
13
00
00
00
13
00
00
00
13
00
00
00
13
00
00
00
13
00
00
00
13
00
00
00
13
00
00
00
13
00
00
00
13
00
00
00
13
00
00
00
13
00
00
00
13
00
00
00
13
00
00
00
13
00
00
00
13
00
00
00
13
00
00
00
13
00
00
00
13
00
00
00
13
00
00
00
13
00
00
00
13
00
00
00
13
00
00
00
13
00
00
00
13
00
00
00
13
00
00
00
13
00
00
00
13
00
00
00
13
00
00
00
13
00
00
00
13
00
00
00
13
00
00
00
13
00
00
00
13
00
00
00
13
00
00
00
13
00
00
00
13
00
00
00
13
00
00
00
13
00
00
00
13
00
00
00
13
00
00
00
13
00
00
00
13
00
00
00
13
00
00
00
13
00
00
00
13
00
00
00
13
00
00
00
13
00
00
00
13
00
00
00
13
00
00
00
13
00
00
00
13
00
00
00
13
00
00
00
13
00
00
00
13
00
00
00
13
00
00
00
13
00
00
00
13
00
00
00
13
00
00
00
13
00
00
00
13
00
00
00
13
00
00
00
13
00
00
00
13
00
00
00
13
00
00
00
13
00
00
00
13
00
00
00
13
00
00
00
13
00
00
00
13
00
00
00
13
00
00
00
13
00
00
00
13
00
00
00
13
00
00
00
13
00
00
00
13
00
00
00
13
00
00
00
13
00
00
00
13
00
00
00
13
00
00
00
13
00
00
00
13
00
00
00
13
00
00
00
13
00
00
00
13
00
00
00
13
00
00
00
13
00
00
00
13
00
00
00
13
00
00
00
13
00
00
00
13
00
00
00
13
00
00
00
13
00
00
00
13
00
00
00
13
00
00
00
13
00
00
00
13
00
00
00
13
00
00
00
13
00
00
00
13
00
00
00
13
00
00
00
13
00
00
00
13
00
00
00
13
00
00
00
13
00
00
00
13
00
00
00
13
00
00
00
13
00
00
00
13
00
00
00
13
00
00
00
13
00
00
00
13
00
00
00
13
00
00
00
13
00
00
00
13
00
00
00
13
00
00
00
13
00
00
00
13
00
00
00
13
00
00
00
13
00
00
00
13
00
00
00
13
00
00
00
13
00
00
00
13
00
00
00
13
00
00
00
13
00
00
00
13
00
00
00
13
00
00
00
13
00
00
00
13
00
00
00
13
00
00
00
13
00
00
00
13
00
00
00
13
00
00
00
13
00
00
00
13
00
00
00
13
00
00
00
13
00
00
00
13
00
00
00
13
00
00
00
13
00
00
00
13
00
00
00
13
00
00
00
13
00
00
00
13
00
00
00
13
00
00
00
13
00
00
00
13
00
00
00
13
00
00
00
13
00
00
00
13
00
00
00
13
00
00
00
13
00
00
00
13
00
00
00
13
00
00
00
13
00
00
00
13
00
00
00
13
00
00
00
13
00
00
00
13
00
00
00
13
00
00
00
13
00
00
00
13
00
00
00
13
00
00
00
13
00
00
00
13
00
00
00
13
00
00
00
13
00
00
00
13
00
00
00
13
00
00
00
13
00
00
00
13
00
00
00
13
00
00
00
13
00
00
00
13
00
00
00
13
00
00
00
13
00
00
00
13
00
00
00
13
00
00
00
13
00
00
00
13
00
00
00
13
00
00
00
13
00
00
00
13
00
00
00
13
00
00
00
13
00
00
00
13
00
00
00
13
00
00
00
13
00
00
00
13
00
00
00
13
00
00
00
13
00
00
00
13
00
00
00
13
00
00
00
13
00
00
00
13
00
00
00
13
00
00
00
13
00
00
00
13
00
00
00
13
00
00
00
13
00
00
00
13
00
00
00
13
00
00
00
13
00
00
00
13
00
00
00
13
00
00
00
13
00
00
00
13
00
00
00
13
00
00
00
13
00
00
00
13
00
00
00
13
00
00
00
13
00
00
00
13
00
00
00
13
00
00
00
13
00
00
00
13
00
00
00
13
00
00
00
13
00
00
00
13
00
00
00
13
00
00
00
13
00
00
00
13
00
00
00
13
00
00
00
13
00
00
00
13
00
00
00
13
00
00
00
13
00
00
00
13
00
00
00
13
00
00
00
13
00
00
00
13
00
00
00
13
00
00
00
13
00
00
00
13
00
00
00
13
00
00
00
13
00
00
00
13
00
00
00
13
00
00
00
13
00
00
00
13
00
00
00
13
00
00
00
13
00
00
00
13
00
00
00
13
01
01
EA
23
2E
11
14
97
07
00
00
93
87
47
07
13
07
C1
00
97
06
00
00
93
86
86
1A
03
A8
07
00
03
A5
47
00
83
A5
87
00
03
A6
C7
00
23
20
07
01
23
22
A7
00
23
24
B7
00
23
26
C7
00
93
87
07
01
13
07
07
01
E3
9C
D7
FC
83
A7
07
00
23
20
F7
00
13
20
10
00
13
20
30
00
13
05
C1
00
97
F0
FF
FF
E7
80
00
76
13
20
40
00
13
20
20
00
83
20
C1
15
13
05
00
00
13
01
01
16
67
80
00
00
00
00
00
00
09
00
00
00
00
00
00
00
00
00
00
00
05
00
00
00
00
00
00
00
00
00
00
00
08
00
00
00
06
00
00
00
00
00
00
00
00
00
00
00
03
00
00
00
00
00
00
00
00
00
00
00
07
00
00
00
00
00
00
00
05
00
00
00
00
00
00
00
08
00
00
00
00
00
00
00
00
00
00
00
00
00
00
00
00
00
00
00
06
00
00
00
00
00
00
00
00
00
00
00
04
00
00
00
02
00
00
00
00
00
00
00
00
00
00
00
00
00
00
00
00
00
00
00
00
00
00
00
00
00
00
00
00
00
00
00
00
00
00
00
04
00
00
00
00
00
00
00
09
00
00
00
00
00
00
00
00
00
00
00
01
00
00
00
00
00
00
00
00
00
00
00
03
00
00
00
00
00
00
00
00
00
00
00
00
00
00
00
00
00
00
00
08
00
00
00
00
00
00
00
09
00
00
00
00
00
00
00
00
00
00
00
01
00
00
00
00
00
00
00
00
00
00
00
07
00
00
00
00
00
00
00
00
00
00
00
00
00
00
00
09
00
00
00
00
00
00
00
00
00
00
00
00
00
00
00
00
00
00
00
02
00
00
00
00
00
00
00
05
00
00
00
00
00
00
00
00
00
00
00
00
00
00
00
00
00
00
00
02
00
00
00
00
00
00
00
06
00
00
00
00
00
00
00
00
00
00
00
04
00
00
00
00
00
00
00
07
00
00
00
00
00
00
00
00
00
00
00
00
00
00
00
