@0c000000
A443031300001317
A3C3839300001397
0003202300730863
FE736CE300430313
FE01011320000117
0000109700010433
F0002013858080E7
448080E700000097
01512A23FD010113
0211262301712623
00050B9301612823
00000A9300050793
0007AB0300900693
0047A703060B0663
0087A7032A070663
00C7A7032C070663
0107A7032E070663
0147A70330070663
0187A70332070663
01C7A70334070663
0207A70336070663
3807046302478793
FADA98E3001A8A93
01412A8302C12083
00C12B8301012B03
0301011300100513
0281242300008067
0321202302912223
01412C2301312E23
0191222301812423
003A949301A12023
00249493015484B3
009B84B3002B1C93
00100413019B8933
00200D1300500C13
0D8B899306CB8A13
0004A78301948CB3
0044A7831CF40663
0084A7831CF40263
00C4A7831AF40E63
0104A7831AF40A63
0144A7831AF40663
0184A7831AF40263
01C4A78318F40E63
0204A78318F40A63
0017B513408787B3
14F40C6300092783
14F4086302492783
14F4046304892783
14F4006306C92783
12F40C6309092783
12F408630B492783
12F404630D892783
12F400630FC92783
4088083312092803
115C4C6300183813
000B8613155D4663
0240069304800593
136D4463116C4A63
0010071300200893
0027979300000793
0003230300F60333
0027171308640A63
0003230300E60333
0028989308640263
0006260301160633
00DB86B306C40A63
0006260300F68633
00E6863306C40263
04C40C6300062603
0006A683011686B3
00BB86B304D40663
0007A78300F687B3
00E6873302F40E63
02F4086300072783
0006A783011686B3
00A8083302F40263
008CA02300081E63
00000097000B8513
1E051063DCC080E7
00140413000CA023
E8F41CE300A00793
02C1208302812403
0201290302412483
01812A0301C12983
00412C8300812C03
01412A8300012D03
00C12B8301012B03
0301011300000513
0010081300008067
00098613EF5C58E3
0FC0069312000593
00800893EF6C5AE3
0060079300700713
00100513EF5FF06F
00500893E79FF06F
0030079300400713
000A0613EDDFF06F
090006930B400593
02812423EB9FF06F
0321202302912223
01412C2301312E23
0191222301812423
00100B1301A12023
02812423DB5FF06F
0321202302912223
01412C2301312E23
0191222301812423
00200B1301A12023
02812423D8DFF06F
0321202302912223
01412C2301312E23
0191222301812423
00300B1301A12023
02812423D65FF06F
0321202302912223
01412C2301312E23
0191222301812423
00400B1301A12023
02812423D3DFF06F
0321202302912223
01412C2301312E23
0191222301812423
00500B1301A12023
02812423D15FF06F
0321202302912223
01412C2301312E23
0191222301812423
00600B1301A12023
02812423CEDFF06F
0321202302912223
01412C2301312E23
0191222301812423
00700B1301A12023
02812423CC5FF06F
0321202302912223
01412C2301312E23
0191222301812423
00800B1301A12023
02812403C9DFF06F
0201290302412483
01812A0301C12983
00412C8300812C03
C3DFF06F00012D03
0000001300000063
0000001300000013
0000001300000013
0000001300000013
0000001300000013
0000001300000013
0000001300000013
0000001300000013
0000001300000013
0000001300000013
0000001300000013
0000001300000013
0000001300000013
0000001300000013
0000001300000013
0000001300000013
0000001300000013
0000001300000013
0000001300000013
0000001300000013
0000001300000013
0000001300000013
0000001300000013
0000001300000013
0000001300000013
0000001300000013
0000001300000013
0000001300000013
0000001300000013
0000001300000013
0000001300000013
0000001300000013
0000001300000013
0000001300000013
0000001300000013
0000001300000013
0000001300000013
0000001300000013
0000001300000013
0000001300000013
0000001300000013
0000001300000013
0000001300000013
0000001300000013
0000001300000013
0000001300000013
0000001300000013
0000001300000013
0000001300000013
0000001300000013
0000001300000013
0000001300000013
0000001300000013
0000001300000013
0000001300000013
0000001300000013
0000001300000013
0000001300000013
0000001300000013
0000001300000013
0000001300000013
0000001300000013
0000001300000013
0000001300000013
0000001300000013
0000001300000013
0000001300000013
0000001300000013
0000001300000013
0000001300000013
0000001300000013
0000001300000013
0000001300000013
0000001300000013
0000001300000013
0000001300000013
0000001300000013
0000001300000013
0000001300000013
0000001300000013
0000001300000013
0000001300000013
0000001300000013
0000001300000013
0000001300000013
0000001300000013
0000001300000013
0000001300000013
0000001300000013
0000001300000013
0000001300000013
0000001300000013
0000001300000013
0000001300000013
0000001300000013
0000001300000013
0000001300000013
0000001300000013
0000001300000013
0000001300000013
0000001300000013
0000001300000013
0000001300000013
0000001300000013
0000001300000013
0000001300000013
0000001300000013
0000001300000013
0000001300000013
0000001300000013
0000001300000013
0000001300000013
0000001300000013
0000001300000013
0000001300000013
0000001300000013
0000001300000013
0000001300000013
0000001300000013
0000001300000013
0000001300000013
0000001300000013
0000001300000013
0000001300000013
0000001300000013
0000001300000013
0000001300000013
0000001300000013
EA01011300000013
0000079714112E23
00C1071307478793
1A86869300000697
0047A5030007A803
00C7A6030087A583
00A7222301072023
00C7262300B72423
0107071301078793
0007A783FCD79CE3
0010201300F72023
00C1051300302013
760080E7FFFFF097
0020201300402013
0000051315C12083
0000806716010113
0000000900000000
0000000000000000
0000000000000005
0000000800000000
0000000000000006
0000000300000000
0000000000000000
0000000000000007
0000000000000005
0000000000000008
0000000000000000
0000000600000000
0000000000000000
0000000200000004
0000000000000000
0000000000000000
0000000000000000
0000000000000000
0000000000000004
0000000000000009
0000000100000000
0000000000000000
0000000000000003
0000000000000000
0000000800000000
0000000900000000
0000000000000000
0000000000000001
0000000700000000
0000000000000000
0000000900000000
0000000000000000
0000000000000000
0000000000000002
0000000000000005
0000000000000000
0000000200000000
0000000600000000
0000000000000000
0000000000000004
0000000000000007
0000000000000000
