@18000000
00001317
A4430313
00001397
A3C38393
00730863
00032023
00430313
FE736CE3
20000117
FE010113
00010433
00001097
858080E7
F0002013
00000097
448080E7
FD010113
01512A23
01712623
02112623
01612823
00050B93
00050793
00000A93
00900693
0007AB03
060B0663
0047A703
2A070663
0087A703
2C070663
00C7A703
2E070663
0107A703
30070663
0147A703
32070663
0187A703
34070663
01C7A703
36070663
0207A703
02478793
38070463
001A8A93
FADA98E3
02C12083
01412A83
01012B03
00C12B83
00100513
03010113
00008067
02812423
02912223
03212023
01312E23
01412C23
01812423
01912223
01A12023
003A9493
015484B3
00249493
002B1C93
009B84B3
019B8933
00100413
00500C13
00200D13
06CB8A13
0D8B8993
01948CB3
0004A783
1CF40663
0044A783
1CF40263
0084A783
1AF40E63
00C4A783
1AF40A63
0104A783
1AF40663
0144A783
1AF40263
0184A783
18F40E63
01C4A783
18F40A63
0204A783
408787B3
0017B513
00092783
14F40C63
02492783
14F40863
04892783
14F40463
06C92783
14F40063
09092783
12F40C63
0B492783
12F40863
0D892783
12F40463
0FC92783
12F40063
12092803
40880833
00183813
115C4C63
155D4663
000B8613
04800593
02400693
116C4A63
136D4463
00200893
00100713
00000793
00279793
00F60333
00032303
08640A63
00271713
00E60333
00032303
08640263
00289893
01160633
00062603
06C40A63
00DB86B3
00F68633
00062603
06C40263
00E68633
00062603
04C40C63
011686B3
0006A683
04D40663
00BB86B3
00F687B3
0007A783
02F40E63
00E68733
00072783
02F40863
011686B3
0006A783
02F40263
00A80833
00081E63
008CA023
000B8513
00000097
DCC080E7
1E051063
000CA023
00140413
00A00793
E8F41CE3
02812403
02C12083
02412483
02012903
01C12983
01812A03
00812C03
00412C83
00012D03
01412A83
01012B03
00C12B83
00000513
03010113
00008067
00100813
EF5C58E3
00098613
12000593
0FC00693
EF6C5AE3
00800893
00700713
00600793
EF5FF06F
00100513
E79FF06F
00500893
00400713
00300793
EDDFF06F
000A0613
0B400593
09000693
EB9FF06F
02812423
02912223
03212023
01312E23
01412C23
01812423
01912223
01A12023
00100B13
DB5FF06F
02812423
02912223
03212023
01312E23
01412C23
01812423
01912223
01A12023
00200B13
D8DFF06F
02812423
02912223
03212023
01312E23
01412C23
01812423
01912223
01A12023
00300B13
D65FF06F
02812423
02912223
03212023
01312E23
01412C23
01812423
01912223
01A12023
00400B13
D3DFF06F
02812423
02912223
03212023
01312E23
01412C23
01812423
01912223
01A12023
00500B13
D15FF06F
02812423
02912223
03212023
01312E23
01412C23
01812423
01912223
01A12023
00600B13
CEDFF06F
02812423
02912223
03212023
01312E23
01412C23
01812423
01912223
01A12023
00700B13
CC5FF06F
02812423
02912223
03212023
01312E23
01412C23
01812423
01912223
01A12023
00800B13
C9DFF06F
02812403
02412483
02012903
01C12983
01812A03
00812C03
00412C83
00012D03
C3DFF06F
00000063
00000013
00000013
00000013
00000013
00000013
00000013
00000013
00000013
00000013
00000013
00000013
00000013
00000013
00000013
00000013
00000013
00000013
00000013
00000013
00000013
00000013
00000013
00000013
00000013
00000013
00000013
00000013
00000013
00000013
00000013
00000013
00000013
00000013
00000013
00000013
00000013
00000013
00000013
00000013
00000013
00000013
00000013
00000013
00000013
00000013
00000013
00000013
00000013
00000013
00000013
00000013
00000013
00000013
00000013
00000013
00000013
00000013
00000013
00000013
00000013
00000013
00000013
00000013
00000013
00000013
00000013
00000013
00000013
00000013
00000013
00000013
00000013
00000013
00000013
00000013
00000013
00000013
00000013
00000013
00000013
00000013
00000013
00000013
00000013
00000013
00000013
00000013
00000013
00000013
00000013
00000013
00000013
00000013
00000013
00000013
00000013
00000013
00000013
00000013
00000013
00000013
00000013
00000013
00000013
00000013
00000013
00000013
00000013
00000013
00000013
00000013
00000013
00000013
00000013
00000013
00000013
00000013
00000013
00000013
00000013
00000013
00000013
00000013
00000013
00000013
00000013
00000013
00000013
00000013
00000013
00000013
00000013
00000013
00000013
00000013
00000013
00000013
00000013
00000013
00000013
00000013
00000013
00000013
00000013
00000013
00000013
00000013
00000013
00000013
00000013
00000013
00000013
00000013
00000013
00000013
00000013
00000013
00000013
00000013
00000013
00000013
00000013
00000013
00000013
00000013
00000013
00000013
00000013
00000013
00000013
00000013
00000013
00000013
00000013
00000013
00000013
00000013
00000013
00000013
00000013
00000013
00000013
00000013
00000013
00000013
00000013
00000013
00000013
00000013
00000013
00000013
00000013
00000013
00000013
00000013
00000013
00000013
00000013
00000013
00000013
00000013
00000013
00000013
00000013
00000013
00000013
00000013
00000013
00000013
00000013
00000013
00000013
00000013
00000013
00000013
00000013
00000013
00000013
00000013
00000013
00000013
00000013
00000013
00000013
00000013
00000013
00000013
00000013
00000013
00000013
00000013
00000013
00000013
00000013
00000013
00000013
00000013
00000013
00000013
00000013
00000013
00000013
00000013
00000013
00000013
00000013
00000013
00000013
00000013
00000013
00000013
00000013
00000013
00000013
00000013
00000013
EA010113
14112E23
00000797
07478793
00C10713
00000697
1A868693
0007A803
0047A503
0087A583
00C7A603
01072023
00A72223
00B72423
00C72623
01078793
01070713
FCD79CE3
0007A783
00F72023
00102013
00302013
00C10513
FFFFF097
760080E7
00402013
00202013
15C12083
00000513
16010113
00008067
00000000
00000009
00000000
00000000
00000005
00000000
00000000
00000008
00000006
00000000
00000000
00000003
00000000
00000000
00000007
00000000
00000005
00000000
00000008
00000000
00000000
00000000
00000000
00000006
00000000
00000000
00000004
00000002
00000000
00000000
00000000
00000000
00000000
00000000
00000000
00000000
00000004
00000000
00000009
00000000
00000000
00000001
00000000
00000000
00000003
00000000
00000000
00000000
00000000
00000008
00000000
00000009
00000000
00000000
00000001
00000000
00000000
00000007
00000000
00000000
00000000
00000009
00000000
00000000
00000000
00000000
00000002
00000000
00000005
00000000
00000000
00000000
00000000
00000002
00000000
00000006
00000000
00000000
00000004
00000000
00000007
00000000
00000000
00000000
