@03000000
FE736CE3004303130003202300730863A3C3839300001397A443031300001317
448080E700000097F0002013858080E70000109700010433FE01011320000117
00000A930005079300050B9301612823021126230171262301512A23FD010113
00C7A7032C0706630087A7032A0706630047A703060B06630007AB0300900693
01C7A703340706630187A703320706630147A703300706630107A7032E070663
01412A8302C12083FADA98E3001A8A9338070463024787930207A70336070663
03212023029122230281242300008067030101130010051300C12B8301012B03
00249493015484B3003A949301A12023019122230181242301412C2301312E23
0D8B899306CB8A1300200D1300500C1300100413019B8933009B84B3002B1C93
00C4A7831AF40E630084A7831CF402630044A7831CF406630004A78301948CB3
01C4A78318F40E630184A7831AF402630144A7831AF406630104A7831AF40A63
14F408630249278314F40C63000927830017B513408787B30204A78318F40A63
12F408630B49278312F40C630909278314F4006306C9278314F4046304892783
115C4C6300183813408808331209280312F400630FC9278312F404630D892783
0010071300200893136D4463116C4A630240069304800593000B8613155D4663
0003230300E603330027171308640A630003230300F603330027979300000793
0006260300F6863300DB86B306C40A6300062603011606330028989308640263
00BB86B304D406630006A683011686B304C40C630006260300E6863306C40263
0006A783011686B302F408630007278300E6873302F40E630007A78300F687B3
1E051063DCC080E700000097000B8513008CA02300081E6300A8083302F40263
020129030241248302C1208302812403E8F41CE300A0079300140413000CA023
00C12B8301012B0301412A8300012D0300412C8300812C0301812A0301C12983
0FC006931200059300098613EF5C58E300100813000080670301011300000513
00500893E79FF06F00100513EF5FF06F006007930070071300800893EF6C5AE3
02812423EB9FF06F090006930B400593000A0613EDDFF06F0030079300400713
00100B1301A12023019122230181242301412C2301312E230321202302912223
019122230181242301412C2301312E23032120230291222302812423DB5FF06F
01412C2301312E23032120230291222302812423D8DFF06F00200B1301A12023
032120230291222302812423D65FF06F00300B1301A120230191222301812423
02812423D3DFF06F00400B1301A12023019122230181242301412C2301312E23
00500B1301A12023019122230181242301412C2301312E230321202302912223
019122230181242301412C2301312E23032120230291222302812423D15FF06F
01412C2301312E23032120230291222302812423CEDFF06F00600B1301A12023
032120230291222302812423CC5FF06F00700B1301A120230191222301812423
02812403C9DFF06F00800B1301A12023019122230181242301412C2301312E23
C3DFF06F00012D0300412C8300812C0301812A0301C129830201290302412483
0000001300000013000000130000001300000013000000130000001300000063
0000001300000013000000130000001300000013000000130000001300000013
0000001300000013000000130000001300000013000000130000001300000013
0000001300000013000000130000001300000013000000130000001300000013
0000001300000013000000130000001300000013000000130000001300000013
0000001300000013000000130000001300000013000000130000001300000013
0000001300000013000000130000001300000013000000130000001300000013
0000001300000013000000130000001300000013000000130000001300000013
0000001300000013000000130000001300000013000000130000001300000013
0000001300000013000000130000001300000013000000130000001300000013
0000001300000013000000130000001300000013000000130000001300000013
0000001300000013000000130000001300000013000000130000001300000013
0000001300000013000000130000001300000013000000130000001300000013
0000001300000013000000130000001300000013000000130000001300000013
0000001300000013000000130000001300000013000000130000001300000013
0000001300000013000000130000001300000013000000130000001300000013
0000001300000013000000130000001300000013000000130000001300000013
0000001300000013000000130000001300000013000000130000001300000013
0000001300000013000000130000001300000013000000130000001300000013
0000001300000013000000130000001300000013000000130000001300000013
0000001300000013000000130000001300000013000000130000001300000013
0000001300000013000000130000001300000013000000130000001300000013
0000001300000013000000130000001300000013000000130000001300000013
0000001300000013000000130000001300000013000000130000001300000013
0000001300000013000000130000001300000013000000130000001300000013
0000001300000013000000130000001300000013000000130000001300000013
0000001300000013000000130000001300000013000000130000001300000013
0000001300000013000000130000001300000013000000130000001300000013
0000001300000013000000130000001300000013000000130000001300000013
0000001300000013000000130000001300000013000000130000001300000013
0000001300000013000000130000001300000013000000130000001300000013
0000001300000013000000130000001300000013000000130000001300000013
1A8686930000069700C10713074787930000079714112E23EA01011300000013
00C7262300B7242300A722230107202300C7A6030087A5830047A5030007A803
00C10513003020130010201300F720230007A783FCD79CE30107071301078793
00008067160101130000051315C120830020201300402013760080E7FFFFF097
0000000800000000000000000000000500000000000000000000000900000000
0000000000000007000000000000000000000003000000000000000000000006
0000000600000000000000000000000000000000000000080000000000000005
0000000000000000000000000000000000000002000000040000000000000000
0000000000000009000000000000000400000000000000000000000000000000
0000000000000000000000000000000300000000000000000000000100000000
0000000000000001000000000000000000000009000000000000000800000000
0000000000000000000000090000000000000000000000000000000700000000
0000000000000000000000000000000500000000000000020000000000000000
0000000000000004000000000000000000000006000000000000000200000000
00000000000000000000000000000007
